0 info it worked if it ends with ok
1 verbose cli [ '/usr/bin/node', '/usr/bin/npm', 'run', 'tsc' ]
2 info using npm@3.5.2
3 info using node@v8.10.0
4 verbose run-script [ 'pretsc', 'tsc', 'posttsc' ]
5 info lifecycle module4@1.0.0~pretsc: module4@1.0.0
6 silly lifecycle module4@1.0.0~pretsc: no script for pretsc, continuing
7 info lifecycle module4@1.0.0~tsc: module4@1.0.0
8 verbose lifecycle module4@1.0.0~tsc: unsafe-perm in lifecycle true
9 verbose lifecycle module4@1.0.0~tsc: PATH: /usr/share/npm/bin/node-gyp-bin:/home/odgreen/Desktop/amazon-apprenti-2019-2/CS242/MarvinGold/Module5/node_modules/.bin:/usr/local/sbin:/usr/local/bin:/usr/sbin:/usr/bin:/sbin:/bin:/usr/games:/usr/local/games:/snap/bin
10 verbose lifecycle module4@1.0.0~tsc: CWD: /home/odgreen/Desktop/amazon-apprenti-2019-2/CS242/MarvinGold/Module5
11 silly lifecycle module4@1.0.0~tsc: Args: [ '-c',
11 silly lifecycle   'tsc && cp ./src/.env ./public && cp -r ./src/views ./public/views && cp -r ./src/imgs ./public/imgs' ]
12 silly lifecycle module4@1.0.0~tsc: Returned: code: 2  signal: null
13 info lifecycle module4@1.0.0~tsc: Failed to exec tsc script
14 verbose stack Error: module4@1.0.0 tsc: `tsc && cp ./src/.env ./public && cp -r ./src/views ./public/views && cp -r ./src/imgs ./public/imgs`
14 verbose stack Exit status 2
14 verbose stack     at EventEmitter.<anonymous> (/usr/share/npm/lib/utils/lifecycle.js:232:16)
14 verbose stack     at emitTwo (events.js:126:13)
14 verbose stack     at EventEmitter.emit (events.js:214:7)
14 verbose stack     at ChildProcess.<anonymous> (/usr/share/npm/lib/utils/spawn.js:24:14)
14 verbose stack     at emitTwo (events.js:126:13)
14 verbose stack     at ChildProcess.emit (events.js:214:7)
14 verbose stack     at maybeClose (internal/child_process.js:925:16)
14 verbose stack     at Process.ChildProcess._handle.onexit (internal/child_process.js:209:5)
15 verbose pkgid module4@1.0.0
16 verbose cwd /home/odgreen/Desktop/amazon-apprenti-2019-2/CS242/MarvinGold/Module5/src
17 error Linux 5.0.0-31-generic
18 error argv "/usr/bin/node" "/usr/bin/npm" "run" "tsc"
19 error node v8.10.0
20 error npm  v3.5.2
21 error code ELIFECYCLE
22 error module4@1.0.0 tsc: `tsc && cp ./src/.env ./public && cp -r ./src/views ./public/views && cp -r ./src/imgs ./public/imgs`
22 error Exit status 2
23 error Failed at the module4@1.0.0 tsc script 'tsc && cp ./src/.env ./public && cp -r ./src/views ./public/views && cp -r ./src/imgs ./public/imgs'.
23 error Make sure you have the latest version of node.js and npm installed.
23 error If you do, this is most likely a problem with the module4 package,
23 error not with npm itself.
23 error Tell the author that this fails on your system:
23 error     tsc && cp ./src/.env ./public && cp -r ./src/views ./public/views && cp -r ./src/imgs ./public/imgs
23 error You can get information on how to open an issue for this project with:
23 error     npm bugs module4
23 error Or if that isn't available, you can get their info via:
23 error     npm owner ls module4
23 error There is likely additional logging output above.
24 verbose exit [ 1, true ]
